[     521ms] [ERROR] WebSocket connection to 'wss://gym.homelab989.duckdns.org/_next/webpack-hmr?id=cWyDYCbBJZ5-gEkwUHYdy' failed: Error during WebSocket handshake: Invalid status line @ https://gym.homelab989.duckdns.org/_next/static/chunks/node_modules_next_dist_client_0fhqo1d._.js:13299
[    1562ms] [ERROR] WebSocket connection to 'wss://gym.homelab989.duckdns.org/_next/webpack-hmr?id=cWyDYCbBJZ5-gEkwUHYdy' failed: Error during WebSocket handshake: Invalid status line @ https://gym.homelab989.duckdns.org/_next/static/chunks/node_modules_next_dist_client_0fhqo1d._.js:13299
[    2594ms] [ERROR] WebSocket connection to 'wss://gym.homelab989.duckdns.org/_next/webpack-hmr?id=cWyDYCbBJZ5-gEkwUHYdy' failed: Error during WebSocket handshake: Invalid status line @ https://gym.homelab989.duckdns.org/_next/static/chunks/node_modules_next_dist_client_0fhqo1d._.js:13299
[    3637ms] [ERROR] WebSocket connection to 'wss://gym.homelab989.duckdns.org/_next/webpack-hmr?id=cWyDYCbBJZ5-gEkwUHYdy' failed: Error during WebSocket handshake: Invalid status line @ https://gym.homelab989.duckdns.org/_next/static/chunks/node_modules_next_dist_client_0fhqo1d._.js:13299
[    4680ms] [ERROR] WebSocket connection to 'wss://gym.homelab989.duckdns.org/_next/webpack-hmr?id=cWyDYCbBJZ5-gEkwUHYdy' failed: Error during WebSocket handshake: Invalid status line @ https://gym.homelab989.duckdns.org/_next/static/chunks/node_modules_next_dist_client_0fhqo1d._.js:13299
[    5747ms] [ERROR] WebSocket connection to 'wss://gym.homelab989.duckdns.org/_next/webpack-hmr?id=cWyDYCbBJZ5-gEkwUHYdy' failed: Error during WebSocket handshake: Invalid status line @ https://gym.homelab989.duckdns.org/_next/static/chunks/node_modules_next_dist_client_0fhqo1d._.js:13299
[    8271ms] [ERROR] WebSocket connection to 'wss://gym.homelab989.duckdns.org/_next/webpack-hmr?id=dFeHgSP7BfhxxOlrQNlxp' failed: Error during WebSocket handshake: Invalid status line @ https://gym.homelab989.duckdns.org/_next/static/chunks/node_modules_next_dist_client_0fhqo1d._.js:13299
[    9329ms] [ERROR] WebSocket connection to 'wss://gym.homelab989.duckdns.org/_next/webpack-hmr?id=dFeHgSP7BfhxxOlrQNlxp' failed: Error during WebSocket handshake: Invalid status line @ https://gym.homelab989.duckdns.org/_next/static/chunks/node_modules_next_dist_client_0fhqo1d._.js:13299
[   10408ms] [ERROR] WebSocket connection to 'wss://gym.homelab989.duckdns.org/_next/webpack-hmr?id=dFeHgSP7BfhxxOlrQNlxp' failed: Error during WebSocket handshake: Invalid status line @ https://gym.homelab989.duckdns.org/_next/static/chunks/node_modules_next_dist_client_0fhqo1d._.js:13299
[   11490ms] [ERROR] WebSocket connection to 'wss://gym.homelab989.duckdns.org/_next/webpack-hmr?id=dFeHgSP7BfhxxOlrQNlxp' failed: Error during WebSocket handshake: Invalid status line @ https://gym.homelab989.duckdns.org/_next/static/chunks/node_modules_next_dist_client_0fhqo1d._.js:13299
[   12595ms] [ERROR] WebSocket connection to 'wss://gym.homelab989.duckdns.org/_next/webpack-hmr?id=dFeHgSP7BfhxxOlrQNlxp' failed: Error during WebSocket handshake: Invalid status line @ https://gym.homelab989.duckdns.org/_next/static/chunks/node_modules_next_dist_client_0fhqo1d._.js:13299
[   13750ms] [ERROR] WebSocket connection to 'wss://gym.homelab989.duckdns.org/_next/webpack-hmr?id=dFeHgSP7BfhxxOlrQNlxp' failed: Error during WebSocket handshake: Invalid status line @ https://gym.homelab989.duckdns.org/_next/static/chunks/node_modules_next_dist_client_0fhqo1d._.js:13299
[   18976ms] [ERROR] WebSocket connection to 'wss://gym.homelab989.duckdns.org/_next/webpack-hmr?id=dFeHgSP7BfhxxOlrQNlxp' failed: Error during WebSocket handshake: Invalid status line @ https://gym.homelab989.duckdns.org/_next/static/chunks/node_modules_next_dist_client_0fhqo1d._.js:13299
[   24580ms] [ERROR] WebSocket connection to 'wss://gym.homelab989.duckdns.org/_next/webpack-hmr?id=dFeHgSP7BfhxxOlrQNlxp' failed: Error during WebSocket handshake: Invalid status line @ https://gym.homelab989.duckdns.org/_next/static/chunks/node_modules_next_dist_client_0fhqo1d._.js:13299
[   30011ms] [ERROR] WebSocket connection to 'wss://gym.homelab989.duckdns.org/_next/webpack-hmr?id=dFeHgSP7BfhxxOlrQNlxp' failed: Error during WebSocket handshake: Invalid status line @ https://gym.homelab989.duckdns.org/_next/static/chunks/node_modules_next_dist_client_0fhqo1d._.js:13299
[   36852ms] [ERROR] WebSocket connection to 'wss://gym.homelab989.duckdns.org/_next/webpack-hmr?id=dFeHgSP7BfhxxOlrQNlxp' failed: Error during WebSocket handshake: Invalid status line @ https://gym.homelab989.duckdns.org/_next/static/chunks/node_modules_next_dist_client_0fhqo1d._.js:13299
[   45504ms] [ERROR] WebSocket connection to 'wss://gym.homelab989.duckdns.org/_next/webpack-hmr?id=dFeHgSP7BfhxxOlrQNlxp' failed: Error during WebSocket handshake: Invalid status line @ https://gym.homelab989.duckdns.org/_next/static/chunks/node_modules_next_dist_client_0fhqo1d._.js:13299
[   54346ms] [ERROR] WebSocket connection to 'wss://gym.homelab989.duckdns.org/_next/webpack-hmr?id=dFeHgSP7BfhxxOlrQNlxp' failed: Error during WebSocket handshake: Invalid status line @ https://gym.homelab989.duckdns.org/_next/static/chunks/node_modules_next_dist_client_0fhqo1d._.js:13299
[   61341ms] [ERROR] WebSocket connection to 'wss://gym.homelab989.duckdns.org/_next/webpack-hmr?id=dFeHgSP7BfhxxOlrQNlxp' failed: Error during WebSocket handshake: Invalid status line @ https://gym.homelab989.duckdns.org/_next/static/chunks/node_modules_next_dist_client_0fhqo1d._.js:13299
[   64126ms] [ERROR] WebSocket connection to 'wss://gym.homelab989.duckdns.org/_next/webpack-hmr?id=DhWQTkbjkWFnpiYKUWrBD' failed: Error during WebSocket handshake: Invalid status line @ https://gym.homelab989.duckdns.org/_next/static/chunks/node_modules_next_dist_client_0fhqo1d._.js:13299
[   69859ms] [ERROR] WebSocket connection to 'wss://gym.homelab989.duckdns.org/_next/webpack-hmr?id=DhWQTkbjkWFnpiYKUWrBD' failed: Error during WebSocket handshake: Invalid status line @ https://gym.homelab989.duckdns.org/_next/static/chunks/node_modules_next_dist_client_0fhqo1d._.js:13299
[   75370ms] [ERROR] WebSocket connection to 'wss://gym.homelab989.duckdns.org/_next/webpack-hmr?id=DhWQTkbjkWFnpiYKUWrBD' failed: Error during WebSocket handshake: Invalid status line @ https://gym.homelab989.duckdns.org/_next/static/chunks/node_modules_next_dist_client_0fhqo1d._.js:13299
[   79190ms] [ERROR] WebSocket connection to 'wss://gym.homelab989.duckdns.org/_next/webpack-hmr?id=DhWQTkbjkWFnpiYKUWrBD' failed: Error during WebSocket handshake: Invalid status line @ https://gym.homelab989.duckdns.org/_next/static/chunks/node_modules_next_dist_client_0fhqo1d._.js:13299
[   82226ms] [ERROR] WebSocket connection to 'wss://gym.homelab989.duckdns.org/_next/webpack-hmr?id=DhWQTkbjkWFnpiYKUWrBD' failed: Error during WebSocket handshake: Invalid status line @ https://gym.homelab989.duckdns.org/_next/static/chunks/node_modules_next_dist_client_0fhqo1d._.js:13299
[   87104ms] [ERROR] WebSocket connection to 'wss://gym.homelab989.duckdns.org/_next/webpack-hmr?id=DhWQTkbjkWFnpiYKUWrBD' failed: Error during WebSocket handshake: Invalid status line @ https://gym.homelab989.duckdns.org/_next/static/chunks/node_modules_next_dist_client_0fhqo1d._.js:13299
[   93765ms] [ERROR] WebSocket connection to 'wss://gym.homelab989.duckdns.org/_next/webpack-hmr?id=DhWQTkbjkWFnpiYKUWrBD' failed: Error during WebSocket handshake: Invalid status line @ https://gym.homelab989.duckdns.org/_next/static/chunks/node_modules_next_dist_client_0fhqo1d._.js:13299
[  100525ms] [ERROR] WebSocket connection to 'wss://gym.homelab989.duckdns.org/_next/webpack-hmr?id=DhWQTkbjkWFnpiYKUWrBD' failed: Error during WebSocket handshake: Invalid status line @ https://gym.homelab989.duckdns.org/_next/static/chunks/node_modules_next_dist_client_0fhqo1d._.js:13299
[  106969ms] [ERROR] WebSocket connection to 'wss://gym.homelab989.duckdns.org/_next/webpack-hmr?id=DhWQTkbjkWFnpiYKUWrBD' failed: Error during WebSocket handshake: Invalid status line @ https://gym.homelab989.duckdns.org/_next/static/chunks/node_modules_next_dist_client_0fhqo1d._.js:13299
[  113853ms] [ERROR] WebSocket connection to 'wss://gym.homelab989.duckdns.org/_next/webpack-hmr?id=DhWQTkbjkWFnpiYKUWrBD' failed: Error during WebSocket handshake: Invalid status line @ https://gym.homelab989.duckdns.org/_next/static/chunks/node_modules_next_dist_client_0fhqo1d._.js:13299
[  122176ms] [ERROR] WebSocket connection to 'wss://gym.homelab989.duckdns.org/_next/webpack-hmr?id=DhWQTkbjkWFnpiYKUWrBD' failed: Error during WebSocket handshake: Invalid status line @ https://gym.homelab989.duckdns.org/_next/static/chunks/node_modules_next_dist_client_0fhqo1d._.js:13299
[  128918ms] [ERROR] WebSocket connection to 'wss://gym.homelab989.duckdns.org/_next/webpack-hmr?id=DhWQTkbjkWFnpiYKUWrBD' failed: Error during WebSocket handshake: Invalid status line @ https://gym.homelab989.duckdns.org/_next/static/chunks/node_modules_next_dist_client_0fhqo1d._.js:13299
[  135190ms] [ERROR] WebSocket connection to 'wss://gym.homelab989.duckdns.org/_next/webpack-hmr?id=DhWQTkbjkWFnpiYKUWrBD' failed: Error during WebSocket handshake: Invalid status line @ https://gym.homelab989.duckdns.org/_next/static/chunks/node_modules_next_dist_client_0fhqo1d._.js:13299
[  136860ms] [ERROR] WebSocket connection to 'wss://gym.homelab989.duckdns.org/_next/webpack-hmr?id=LhL4LbtNgTkCc3jdozkaJ' failed: Error during WebSocket handshake: Invalid status line @ https://gym.homelab989.duckdns.org/_next/static/chunks/node_modules_next_dist_client_0fhqo1d._.js:13299
[  140560ms] [ERROR] WebSocket connection to 'wss://gym.homelab989.duckdns.org/_next/webpack-hmr?id=LhL4LbtNgTkCc3jdozkaJ' failed: Error during WebSocket handshake: Invalid status line @ https://gym.homelab989.duckdns.org/_next/static/chunks/node_modules_next_dist_client_0fhqo1d._.js:13299
[  144062ms] [ERROR] WebSocket connection to 'wss://gym.homelab989.duckdns.org/_next/webpack-hmr?id=LhL4LbtNgTkCc3jdozkaJ' failed: Error during WebSocket handshake: Invalid status line @ https://gym.homelab989.duckdns.org/_next/static/chunks/node_modules_next_dist_client_0fhqo1d._.js:13299
[  150110ms] [ERROR] WebSocket connection to 'wss://gym.homelab989.duckdns.org/_next/webpack-hmr?id=LhL4LbtNgTkCc3jdozkaJ' failed: Error during WebSocket handshake: Invalid status line @ https://gym.homelab989.duckdns.org/_next/static/chunks/node_modules_next_dist_client_0fhqo1d._.js:13299
[  155977ms] [ERROR] WebSocket connection to 'wss://gym.homelab989.duckdns.org/_next/webpack-hmr?id=LhL4LbtNgTkCc3jdozkaJ' failed: Error during WebSocket handshake: Invalid status line @ https://gym.homelab989.duckdns.org/_next/static/chunks/node_modules_next_dist_client_0fhqo1d._.js:13299
[  160784ms] [ERROR] WebSocket connection to 'wss://gym.homelab989.duckdns.org/_next/webpack-hmr?id=LhL4LbtNgTkCc3jdozkaJ' failed: Error during WebSocket handshake: Invalid status line @ https://gym.homelab989.duckdns.org/_next/static/chunks/node_modules_next_dist_client_0fhqo1d._.js:13299
[  168307ms] [ERROR] WebSocket connection to 'wss://gym.homelab989.duckdns.org/_next/webpack-hmr?id=LhL4LbtNgTkCc3jdozkaJ' failed: Error during WebSocket handshake: Invalid status line @ https://gym.homelab989.duckdns.org/_next/static/chunks/node_modules_next_dist_client_0fhqo1d._.js:13299
[  176206ms] [ERROR] WebSocket connection to 'wss://gym.homelab989.duckdns.org/_next/webpack-hmr?id=LhL4LbtNgTkCc3jdozkaJ' failed: Error during WebSocket handshake: Invalid status line @ https://gym.homelab989.duckdns.org/_next/static/chunks/node_modules_next_dist_client_0fhqo1d._.js:13299
[  183478ms] [ERROR] WebSocket connection to 'wss://gym.homelab989.duckdns.org/_next/webpack-hmr?id=LhL4LbtNgTkCc3jdozkaJ' failed: Error during WebSocket handshake: Invalid status line @ https://gym.homelab989.duckdns.org/_next/static/chunks/node_modules_next_dist_client_0fhqo1d._.js:13299
[  192444ms] [ERROR] WebSocket connection to 'wss://gym.homelab989.duckdns.org/_next/webpack-hmr?id=LhL4LbtNgTkCc3jdozkaJ' failed: Error during WebSocket handshake: Invalid status line @ https://gym.homelab989.duckdns.org/_next/static/chunks/node_modules_next_dist_client_0fhqo1d._.js:13299
[  201659ms] [ERROR] WebSocket connection to 'wss://gym.homelab989.duckdns.org/_next/webpack-hmr?id=LhL4LbtNgTkCc3jdozkaJ' failed: Error during WebSocket handshake: Invalid status line @ https://gym.homelab989.duckdns.org/_next/static/chunks/node_modules_next_dist_client_0fhqo1d._.js:13299
[  207862ms] [ERROR] WebSocket connection to 'wss://gym.homelab989.duckdns.org/_next/webpack-hmr?id=LhL4LbtNgTkCc3jdozkaJ' failed: Error during WebSocket handshake: Invalid status line @ https://gym.homelab989.duckdns.org/_next/static/chunks/node_modules_next_dist_client_0fhqo1d._.js:13299
[  215323ms] [ERROR] WebSocket connection to 'wss://gym.homelab989.duckdns.org/_next/webpack-hmr?id=LhL4LbtNgTkCc3jdozkaJ' failed: Error during WebSocket handshake: Invalid status line @ https://gym.homelab989.duckdns.org/_next/static/chunks/node_modules_next_dist_client_0fhqo1d._.js:13299
[  218729ms] [ERROR] WebSocket connection to 'wss://gym.homelab989.duckdns.org/_next/webpack-hmr?id=F7loGGRXX-iMZqdkQcDfv' failed: Error during WebSocket handshake: Invalid status line @ https://gym.homelab989.duckdns.org/_next/static/chunks/node_modules_next_dist_client_0fhqo1d._.js:13299
[  221838ms] [ERROR] WebSocket connection to 'wss://gym.homelab989.duckdns.org/_next/webpack-hmr?id=F7loGGRXX-iMZqdkQcDfv' failed: Error during WebSocket handshake: Invalid status line @ https://gym.homelab989.duckdns.org/_next/static/chunks/node_modules_next_dist_client_0fhqo1d._.js:13299
[  225644ms] [ERROR] WebSocket connection to 'wss://gym.homelab989.duckdns.org/_next/webpack-hmr?id=F7loGGRXX-iMZqdkQcDfv' failed: Error during WebSocket handshake: Invalid status line @ https://gym.homelab989.duckdns.org/_next/static/chunks/node_modules_next_dist_client_0fhqo1d._.js:13299
[  227732ms] [ERROR] WebSocket connection to 'wss://gym.homelab989.duckdns.org/_next/webpack-hmr?id=F7loGGRXX-iMZqdkQcDfv' failed: Error during WebSocket handshake: Invalid status line @ https://gym.homelab989.duckdns.org/_next/static/chunks/node_modules_next_dist_client_0fhqo1d._.js:13299
[  229834ms] [ERROR] WebSocket connection to 'wss://gym.homelab989.duckdns.org/_next/webpack-hmr?id=F7loGGRXX-iMZqdkQcDfv' failed: Error during WebSocket handshake: Invalid status line @ https://gym.homelab989.duckdns.org/_next/static/chunks/node_modules_next_dist_client_0fhqo1d._.js:13299
[  233211ms] [ERROR] WebSocket connection to 'wss://gym.homelab989.duckdns.org/_next/webpack-hmr?id=F7loGGRXX-iMZqdkQcDfv' failed: Error during WebSocket handshake: Invalid status line @ https://gym.homelab989.duckdns.org/_next/static/chunks/node_modules_next_dist_client_0fhqo1d._.js:13299
[  240196ms] [ERROR] WebSocket connection to 'wss://gym.homelab989.duckdns.org/_next/webpack-hmr?id=F7loGGRXX-iMZqdkQcDfv' failed: Error during WebSocket handshake: Invalid status line @ https://gym.homelab989.duckdns.org/_next/static/chunks/node_modules_next_dist_client_0fhqo1d._.js:13299
[  245280ms] [ERROR] WebSocket connection to 'wss://gym.homelab989.duckdns.org/_next/webpack-hmr?id=F7loGGRXX-iMZqdkQcDfv' failed: Error during WebSocket handshake: Invalid status line @ https://gym.homelab989.duckdns.org/_next/static/chunks/node_modules_next_dist_client_0fhqo1d._.js:13299
[  250314ms] [ERROR] WebSocket connection to 'wss://gym.homelab989.duckdns.org/_next/webpack-hmr?id=F7loGGRXX-iMZqdkQcDfv' failed: Error during WebSocket handshake: Invalid status line @ https://gym.homelab989.duckdns.org/_next/static/chunks/node_modules_next_dist_client_0fhqo1d._.js:13299
[  255359ms] [ERROR] WebSocket connection to 'wss://gym.homelab989.duckdns.org/_next/webpack-hmr?id=F7loGGRXX-iMZqdkQcDfv' failed: Error during WebSocket handshake: Invalid status line @ https://gym.homelab989.duckdns.org/_next/static/chunks/node_modules_next_dist_client_0fhqo1d._.js:13299
[  260402ms] [ERROR] WebSocket connection to 'wss://gym.homelab989.duckdns.org/_next/webpack-hmr?id=F7loGGRXX-iMZqdkQcDfv' failed: Error during WebSocket handshake: Invalid status line @ https://gym.homelab989.duckdns.org/_next/static/chunks/node_modules_next_dist_client_0fhqo1d._.js:13299
[  265438ms] [ERROR] WebSocket connection to 'wss://gym.homelab989.duckdns.org/_next/webpack-hmr?id=F7loGGRXX-iMZqdkQcDfv' failed: Error during WebSocket handshake: Invalid status line @ https://gym.homelab989.duckdns.org/_next/static/chunks/node_modules_next_dist_client_0fhqo1d._.js:13299
[  270480ms] [ERROR] WebSocket connection to 'wss://gym.homelab989.duckdns.org/_next/webpack-hmr?id=F7loGGRXX-iMZqdkQcDfv' failed: Error during WebSocket handshake: Invalid status line @ https://gym.homelab989.duckdns.org/_next/static/chunks/node_modules_next_dist_client_0fhqo1d._.js:13299
[  270735ms] [ERROR] WebSocket connection to 'wss://gym.homelab989.duckdns.org/_next/webpack-hmr?id=MeLmj-leEJ0J_lwjPN7K5' failed: Error during WebSocket handshake: Invalid status line @ https://gym.homelab989.duckdns.org/_next/static/chunks/node_modules_next_dist_client_0fhqo1d._.js:13299
[  271788ms] [ERROR] WebSocket connection to 'wss://gym.homelab989.duckdns.org/_next/webpack-hmr?id=MeLmj-leEJ0J_lwjPN7K5' failed: Error during WebSocket handshake: Invalid status line @ https://gym.homelab989.duckdns.org/_next/static/chunks/node_modules_next_dist_client_0fhqo1d._.js:13299
[  272864ms] [ERROR] WebSocket connection to 'wss://gym.homelab989.duckdns.org/_next/webpack-hmr?id=MeLmj-leEJ0J_lwjPN7K5' failed: Error during WebSocket handshake: Invalid status line @ https://gym.homelab989.duckdns.org/_next/static/chunks/node_modules_next_dist_client_0fhqo1d._.js:13299
[  273937ms] [ERROR] WebSocket connection to 'wss://gym.homelab989.duckdns.org/_next/webpack-hmr?id=MeLmj-leEJ0J_lwjPN7K5' failed: Error during WebSocket handshake: Invalid status line @ https://gym.homelab989.duckdns.org/_next/static/chunks/node_modules_next_dist_client_0fhqo1d._.js:13299
[  275051ms] [ERROR] WebSocket connection to 'wss://gym.homelab989.duckdns.org/_next/webpack-hmr?id=MeLmj-leEJ0J_lwjPN7K5' failed: Error during WebSocket handshake: Invalid status line @ https://gym.homelab989.duckdns.org/_next/static/chunks/node_modules_next_dist_client_0fhqo1d._.js:13299
[  276201ms] [ERROR] WebSocket connection to 'wss://gym.homelab989.duckdns.org/_next/webpack-hmr?id=MeLmj-leEJ0J_lwjPN7K5' failed: Error during WebSocket handshake: Invalid status line @ https://gym.homelab989.duckdns.org/_next/static/chunks/node_modules_next_dist_client_0fhqo1d._.js:13299
[  281542ms] [ERROR] WebSocket connection to 'wss://gym.homelab989.duckdns.org/_next/webpack-hmr?id=MeLmj-leEJ0J_lwjPN7K5' failed: Error during WebSocket handshake: Invalid status line @ https://gym.homelab989.duckdns.org/_next/static/chunks/node_modules_next_dist_client_0fhqo1d._.js:13299
[  287179ms] [ERROR] WebSocket connection to 'wss://gym.homelab989.duckdns.org/_next/webpack-hmr?id=MeLmj-leEJ0J_lwjPN7K5' failed: Error during WebSocket handshake: Invalid status line @ https://gym.homelab989.duckdns.org/_next/static/chunks/node_modules_next_dist_client_0fhqo1d._.js:13299
[  292950ms] [ERROR] WebSocket connection to 'wss://gym.homelab989.duckdns.org/_next/webpack-hmr?id=MeLmj-leEJ0J_lwjPN7K5' failed: Error during WebSocket handshake: Invalid status line @ https://gym.homelab989.duckdns.org/_next/static/chunks/node_modules_next_dist_client_0fhqo1d._.js:13299
[  299197ms] [ERROR] WebSocket connection to 'wss://gym.homelab989.duckdns.org/_next/webpack-hmr?id=MeLmj-leEJ0J_lwjPN7K5' failed: Error during WebSocket handshake: Invalid status line @ https://gym.homelab989.duckdns.org/_next/static/chunks/node_modules_next_dist_client_0fhqo1d._.js:13299
[  309020ms] [ERROR] WebSocket connection to 'wss://gym.homelab989.duckdns.org/_next/webpack-hmr?id=MeLmj-leEJ0J_lwjPN7K5' failed: Error during WebSocket handshake: Invalid status line @ https://gym.homelab989.duckdns.org/_next/static/chunks/node_modules_next_dist_client_0fhqo1d._.js:13299
[  315859ms] [ERROR] WebSocket connection to 'wss://gym.homelab989.duckdns.org/_next/webpack-hmr?id=MeLmj-leEJ0J_lwjPN7K5' failed: Error during WebSocket handshake: Invalid status line @ https://gym.homelab989.duckdns.org/_next/static/chunks/node_modules_next_dist_client_0fhqo1d._.js:13299
[  325199ms] [ERROR] WebSocket connection to 'wss://gym.homelab989.duckdns.org/_next/webpack-hmr?id=MeLmj-leEJ0J_lwjPN7K5' failed: Error during WebSocket handshake: Invalid status line @ https://gym.homelab989.duckdns.org/_next/static/chunks/node_modules_next_dist_client_0fhqo1d._.js:13299
[  330137ms] [ERROR] WebSocket connection to 'wss://gym.homelab989.duckdns.org/_next/webpack-hmr?id=tiPrjxHAwpVdvD1AFNfRz' failed: Error during WebSocket handshake: Invalid status line @ https://gym.homelab989.duckdns.org/_next/static/chunks/node_modules_next_dist_client_0fhqo1d._.js:13299
[  334075ms] [ERROR] WebSocket connection to 'wss://gym.homelab989.duckdns.org/_next/webpack-hmr?id=tiPrjxHAwpVdvD1AFNfRz' failed: Error during WebSocket handshake: Invalid status line @ https://gym.homelab989.duckdns.org/_next/static/chunks/node_modules_next_dist_client_0fhqo1d._.js:13299
[  339169ms] [ERROR] WebSocket connection to 'wss://gym.homelab989.duckdns.org/_next/webpack-hmr?id=tiPrjxHAwpVdvD1AFNfRz' failed: Error during WebSocket handshake: Invalid status line @ https://gym.homelab989.duckdns.org/_next/static/chunks/node_modules_next_dist_client_0fhqo1d._.js:13299
[  343467ms] [ERROR] WebSocket connection to 'wss://gym.homelab989.duckdns.org/_next/webpack-hmr?id=tiPrjxHAwpVdvD1AFNfRz' failed: Error during WebSocket handshake: Invalid status line @ https://gym.homelab989.duckdns.org/_next/static/chunks/node_modules_next_dist_client_0fhqo1d._.js:13299
[  348854ms] [ERROR] WebSocket connection to 'wss://gym.homelab989.duckdns.org/_next/webpack-hmr?id=tiPrjxHAwpVdvD1AFNfRz' failed: Error during WebSocket handshake: Invalid status line @ https://gym.homelab989.duckdns.org/_next/static/chunks/node_modules_next_dist_client_0fhqo1d._.js:13299
[  354284ms] [ERROR] WebSocket connection to 'wss://gym.homelab989.duckdns.org/_next/webpack-hmr?id=tiPrjxHAwpVdvD1AFNfRz' failed: Error during WebSocket handshake: Invalid status line @ https://gym.homelab989.duckdns.org/_next/static/chunks/node_modules_next_dist_client_0fhqo1d._.js:13299
[  364113ms] [ERROR] WebSocket connection to 'wss://gym.homelab989.duckdns.org/_next/webpack-hmr?id=tiPrjxHAwpVdvD1AFNfRz' failed: Error during WebSocket handshake: Invalid status line @ https://gym.homelab989.duckdns.org/_next/static/chunks/node_modules_next_dist_client_0fhqo1d._.js:13299
[  369190ms] [ERROR] WebSocket connection to 'wss://gym.homelab989.duckdns.org/_next/webpack-hmr?id=tiPrjxHAwpVdvD1AFNfRz' failed: Error during WebSocket handshake: Invalid status line @ https://gym.homelab989.duckdns.org/_next/static/chunks/node_modules_next_dist_client_0fhqo1d._.js:13299
[  374227ms] [ERROR] WebSocket connection to 'wss://gym.homelab989.duckdns.org/_next/webpack-hmr?id=tiPrjxHAwpVdvD1AFNfRz' failed: Error during WebSocket handshake: Invalid status line @ https://gym.homelab989.duckdns.org/_next/static/chunks/node_modules_next_dist_client_0fhqo1d._.js:13299
[  379271ms] [ERROR] WebSocket connection to 'wss://gym.homelab989.duckdns.org/_next/webpack-hmr?id=tiPrjxHAwpVdvD1AFNfRz' failed: Error during WebSocket handshake: Invalid status line @ https://gym.homelab989.duckdns.org/_next/static/chunks/node_modules_next_dist_client_0fhqo1d._.js:13299
[  384309ms] [ERROR] WebSocket connection to 'wss://gym.homelab989.duckdns.org/_next/webpack-hmr?id=tiPrjxHAwpVdvD1AFNfRz' failed: Error during WebSocket handshake: Invalid status line @ https://gym.homelab989.duckdns.org/_next/static/chunks/node_modules_next_dist_client_0fhqo1d._.js:13299
[  389339ms] [ERROR] WebSocket connection to 'wss://gym.homelab989.duckdns.org/_next/webpack-hmr?id=tiPrjxHAwpVdvD1AFNfRz' failed: Error during WebSocket handshake: Invalid status line @ https://gym.homelab989.duckdns.org/_next/static/chunks/node_modules_next_dist_client_0fhqo1d._.js:13299
[  394386ms] [ERROR] WebSocket connection to 'wss://gym.homelab989.duckdns.org/_next/webpack-hmr?id=tiPrjxHAwpVdvD1AFNfRz' failed: Error during WebSocket handshake: Invalid status line @ https://gym.homelab989.duckdns.org/_next/static/chunks/node_modules_next_dist_client_0fhqo1d._.js:13299
[  394637ms] [ERROR] WebSocket connection to 'wss://gym.homelab989.duckdns.org/_next/webpack-hmr?id=Qwvkv_SHk2g_-dYntNwbA' failed: Error during WebSocket handshake: Invalid status line @ https://gym.homelab989.duckdns.org/_next/static/chunks/node_modules_next_dist_client_0fhqo1d._.js:13299
[  395681ms] [ERROR] WebSocket connection to 'wss://gym.homelab989.duckdns.org/_next/webpack-hmr?id=Qwvkv_SHk2g_-dYntNwbA' failed: Error during WebSocket handshake: Invalid status line @ https://gym.homelab989.duckdns.org/_next/static/chunks/node_modules_next_dist_client_0fhqo1d._.js:13299
[  396729ms] [ERROR] WebSocket connection to 'wss://gym.homelab989.duckdns.org/_next/webpack-hmr?id=Qwvkv_SHk2g_-dYntNwbA' failed: Error during WebSocket handshake: Invalid status line @ https://gym.homelab989.duckdns.org/_next/static/chunks/node_modules_next_dist_client_0fhqo1d._.js:13299
[  397810ms] [ERROR] WebSocket connection to 'wss://gym.homelab989.duckdns.org/_next/webpack-hmr?id=Qwvkv_SHk2g_-dYntNwbA' failed: Error during WebSocket handshake: Invalid status line @ https://gym.homelab989.duckdns.org/_next/static/chunks/node_modules_next_dist_client_0fhqo1d._.js:13299
[  398903ms] [ERROR] WebSocket connection to 'wss://gym.homelab989.duckdns.org/_next/webpack-hmr?id=Qwvkv_SHk2g_-dYntNwbA' failed: Error during WebSocket handshake: Invalid status line @ https://gym.homelab989.duckdns.org/_next/static/chunks/node_modules_next_dist_client_0fhqo1d._.js:13299
[  400010ms] [ERROR] WebSocket connection to 'wss://gym.homelab989.duckdns.org/_next/webpack-hmr?id=Qwvkv_SHk2g_-dYntNwbA' failed: Error during WebSocket handshake: Invalid status line @ https://gym.homelab989.duckdns.org/_next/static/chunks/node_modules_next_dist_client_0fhqo1d._.js:13299
[  405322ms] [ERROR] WebSocket connection to 'wss://gym.homelab989.duckdns.org/_next/webpack-hmr?id=Qwvkv_SHk2g_-dYntNwbA' failed: Error during WebSocket handshake: Unexpected response code: 502 @ https://gym.homelab989.duckdns.org/_next/static/chunks/node_modules_next_dist_client_0fhqo1d._.js:13299
[  410833ms] [ERROR] WebSocket connection to 'wss://gym.homelab989.duckdns.org/_next/webpack-hmr?id=Qwvkv_SHk2g_-dYntNwbA' failed: Error during WebSocket handshake: Invalid status line @ https://gym.homelab989.duckdns.org/_next/static/chunks/node_modules_next_dist_client_0fhqo1d._.js:13299
[  417103ms] [ERROR] WebSocket connection to 'wss://gym.homelab989.duckdns.org/_next/webpack-hmr?id=Qwvkv_SHk2g_-dYntNwbA' failed: Error during WebSocket handshake: Invalid status line @ https://gym.homelab989.duckdns.org/_next/static/chunks/node_modules_next_dist_client_0fhqo1d._.js:13299
[  422984ms] [ERROR] WebSocket connection to 'wss://gym.homelab989.duckdns.org/_next/webpack-hmr?id=Qwvkv_SHk2g_-dYntNwbA' failed: Error during WebSocket handshake: Invalid status line @ https://gym.homelab989.duckdns.org/_next/static/chunks/node_modules_next_dist_client_0fhqo1d._.js:13299
[  430540ms] [ERROR] WebSocket connection to 'wss://gym.homelab989.duckdns.org/_next/webpack-hmr?id=Qwvkv_SHk2g_-dYntNwbA' failed: Error during WebSocket handshake: Invalid status line @ https://gym.homelab989.duckdns.org/_next/static/chunks/node_modules_next_dist_client_0fhqo1d._.js:13299
[  438482ms] [ERROR] WebSocket connection to 'wss://gym.homelab989.duckdns.org/_next/webpack-hmr?id=Qwvkv_SHk2g_-dYntNwbA' failed: Error during WebSocket handshake: Invalid status line @ https://gym.homelab989.duckdns.org/_next/static/chunks/node_modules_next_dist_client_0fhqo1d._.js:13299
[  447587ms] [ERROR] WebSocket connection to 'wss://gym.homelab989.duckdns.org/_next/webpack-hmr?id=Qwvkv_SHk2g_-dYntNwbA' failed: Error during WebSocket handshake: Invalid status line @ https://gym.homelab989.duckdns.org/_next/static/chunks/node_modules_next_dist_client_0fhqo1d._.js:13299
[  449567ms] [ERROR] WebSocket connection to 'wss://gym.homelab989.duckdns.org/_next/webpack-hmr?id=whAI8yPgnVooZjR8HIL_D' failed: Error during WebSocket handshake: Invalid status line @ https://gym.homelab989.duckdns.org/_next/static/chunks/node_modules_next_dist_client_0fhqo1d._.js:13299
[  452754ms] [ERROR] WebSocket connection to 'wss://gym.homelab989.duckdns.org/_next/webpack-hmr?id=whAI8yPgnVooZjR8HIL_D' failed: Error during WebSocket handshake: Invalid status line @ https://gym.homelab989.duckdns.org/_next/static/chunks/node_modules_next_dist_client_0fhqo1d._.js:13299
[  457971ms] [ERROR] WebSocket connection to 'wss://gym.homelab989.duckdns.org/_next/webpack-hmr?id=whAI8yPgnVooZjR8HIL_D' failed: Error during WebSocket handshake: Invalid status line @ https://gym.homelab989.duckdns.org/_next/static/chunks/node_modules_next_dist_client_0fhqo1d._.js:13299
[  462496ms] [ERROR] WebSocket connection to 'wss://gym.homelab989.duckdns.org/_next/webpack-hmr?id=whAI8yPgnVooZjR8HIL_D' failed: Error during WebSocket handshake: Invalid status line @ https://gym.homelab989.duckdns.org/_next/static/chunks/node_modules_next_dist_client_0fhqo1d._.js:13299
[  465124ms] [ERROR] WebSocket connection to 'wss://gym.homelab989.duckdns.org/_next/webpack-hmr?id=whAI8yPgnVooZjR8HIL_D' failed: Error during WebSocket handshake: Invalid status line @ https://gym.homelab989.duckdns.org/_next/static/chunks/node_modules_next_dist_client_0fhqo1d._.js:13299
[  470835ms] [ERROR] WebSocket connection to 'wss://gym.homelab989.duckdns.org/_next/webpack-hmr?id=whAI8yPgnVooZjR8HIL_D' failed: Error during WebSocket handshake: Invalid status line @ https://gym.homelab989.duckdns.org/_next/static/chunks/node_modules_next_dist_client_0fhqo1d._.js:13299
[  479065ms] [ERROR] WebSocket connection to 'wss://gym.homelab989.duckdns.org/_next/webpack-hmr?id=whAI8yPgnVooZjR8HIL_D' failed: Error during WebSocket handshake: Invalid status line @ https://gym.homelab989.duckdns.org/_next/static/chunks/node_modules_next_dist_client_0fhqo1d._.js:13299
[  486019ms] [ERROR] WebSocket connection to 'wss://gym.homelab989.duckdns.org/_next/webpack-hmr?id=whAI8yPgnVooZjR8HIL_D' failed: Error during WebSocket handshake: Invalid status line @ https://gym.homelab989.duckdns.org/_next/static/chunks/node_modules_next_dist_client_0fhqo1d._.js:13299
[  491091ms] [ERROR] WebSocket connection to 'wss://gym.homelab989.duckdns.org/_next/webpack-hmr?id=whAI8yPgnVooZjR8HIL_D' failed: Error during WebSocket handshake: Invalid status line @ https://gym.homelab989.duckdns.org/_next/static/chunks/node_modules_next_dist_client_0fhqo1d._.js:13299
[  496135ms] [ERROR] WebSocket connection to 'wss://gym.homelab989.duckdns.org/_next/webpack-hmr?id=whAI8yPgnVooZjR8HIL_D' failed: Error during WebSocket handshake: Invalid status line @ https://gym.homelab989.duckdns.org/_next/static/chunks/node_modules_next_dist_client_0fhqo1d._.js:13299
[  501162ms] [ERROR] WebSocket connection to 'wss://gym.homelab989.duckdns.org/_next/webpack-hmr?id=whAI8yPgnVooZjR8HIL_D' failed: Error during WebSocket handshake: Invalid status line @ https://gym.homelab989.duckdns.org/_next/static/chunks/node_modules_next_dist_client_0fhqo1d._.js:13299
[  506203ms] [ERROR] WebSocket connection to 'wss://gym.homelab989.duckdns.org/_next/webpack-hmr?id=whAI8yPgnVooZjR8HIL_D' failed: Error during WebSocket handshake: Invalid status line @ https://gym.homelab989.duckdns.org/_next/static/chunks/node_modules_next_dist_client_0fhqo1d._.js:13299
[  511241ms] [ERROR] WebSocket connection to 'wss://gym.homelab989.duckdns.org/_next/webpack-hmr?id=whAI8yPgnVooZjR8HIL_D' failed: Error during WebSocket handshake: Invalid status line @ https://gym.homelab989.duckdns.org/_next/static/chunks/node_modules_next_dist_client_0fhqo1d._.js:13299
[  511495ms] [ERROR] WebSocket connection to 'wss://gym.homelab989.duckdns.org/_next/webpack-hmr?id=oXgwA3dbqDnx6PUG-GhT1' failed: Error during WebSocket handshake: Invalid status line @ https://gym.homelab989.duckdns.org/_next/static/chunks/node_modules_next_dist_client_0fhqo1d._.js:13299
[  512553ms] [ERROR] WebSocket connection to 'wss://gym.homelab989.duckdns.org/_next/webpack-hmr?id=oXgwA3dbqDnx6PUG-GhT1' failed: Error during WebSocket handshake: Invalid status line @ https://gym.homelab989.duckdns.org/_next/static/chunks/node_modules_next_dist_client_0fhqo1d._.js:13299
[  513604ms] [ERROR] WebSocket connection to 'wss://gym.homelab989.duckdns.org/_next/webpack-hmr?id=oXgwA3dbqDnx6PUG-GhT1' failed: Error during WebSocket handshake: Invalid status line @ https://gym.homelab989.duckdns.org/_next/static/chunks/node_modules_next_dist_client_0fhqo1d._.js:13299
[  514671ms] [ERROR] WebSocket connection to 'wss://gym.homelab989.duckdns.org/_next/webpack-hmr?id=oXgwA3dbqDnx6PUG-GhT1' failed: Error during WebSocket handshake: Invalid status line @ https://gym.homelab989.duckdns.org/_next/static/chunks/node_modules_next_dist_client_0fhqo1d._.js:13299
[  515743ms] [ERROR] WebSocket connection to 'wss://gym.homelab989.duckdns.org/_next/webpack-hmr?id=oXgwA3dbqDnx6PUG-GhT1' failed: Error during WebSocket handshake: Invalid status line @ https://gym.homelab989.duckdns.org/_next/static/chunks/node_modules_next_dist_client_0fhqo1d._.js:13299
[  516851ms] [ERROR] WebSocket connection to 'wss://gym.homelab989.duckdns.org/_next/webpack-hmr?id=oXgwA3dbqDnx6PUG-GhT1' failed: Error during WebSocket handshake: Invalid status line @ https://gym.homelab989.duckdns.org/_next/static/chunks/node_modules_next_dist_client_0fhqo1d._.js:13299
[  522008ms] [ERROR] WebSocket connection to 'wss://gym.homelab989.duckdns.org/_next/webpack-hmr?id=oXgwA3dbqDnx6PUG-GhT1' failed: Error during WebSocket handshake: Invalid status line @ https://gym.homelab989.duckdns.org/_next/static/chunks/node_modules_next_dist_client_0fhqo1d._.js:13299
[  527206ms] [ERROR] WebSocket connection to 'wss://gym.homelab989.duckdns.org/_next/webpack-hmr?id=oXgwA3dbqDnx6PUG-GhT1' failed: Error during WebSocket handshake: Invalid status line @ https://gym.homelab989.duckdns.org/_next/static/chunks/node_modules_next_dist_client_0fhqo1d._.js:13299
[  532528ms] [ERROR] WebSocket connection to 'wss://gym.homelab989.duckdns.org/_next/webpack-hmr?id=oXgwA3dbqDnx6PUG-GhT1' failed: Error during WebSocket handshake: Invalid status line @ https://gym.homelab989.duckdns.org/_next/static/chunks/node_modules_next_dist_client_0fhqo1d._.js:13299
[  538672ms] [ERROR] WebSocket connection to 'wss://gym.homelab989.duckdns.org/_next/webpack-hmr?id=oXgwA3dbqDnx6PUG-GhT1' failed: Error during WebSocket handshake: Invalid status line @ https://gym.homelab989.duckdns.org/_next/static/chunks/node_modules_next_dist_client_0fhqo1d._.js:13299
[  544606ms] [ERROR] WebSocket connection to 'wss://gym.homelab989.duckdns.org/_next/webpack-hmr?id=oXgwA3dbqDnx6PUG-GhT1' failed: Error during WebSocket handshake: Invalid status line @ https://gym.homelab989.duckdns.org/_next/static/chunks/node_modules_next_dist_client_0fhqo1d._.js:13299
[  552923ms] [ERROR] WebSocket connection to 'wss://gym.homelab989.duckdns.org/_next/webpack-hmr?id=oXgwA3dbqDnx6PUG-GhT1' failed: Error during WebSocket handshake: Invalid status line @ https://gym.homelab989.duckdns.org/_next/static/chunks/node_modules_next_dist_client_0fhqo1d._.js:13299
[  561722ms] [ERROR] WebSocket connection to 'wss://gym.homelab989.duckdns.org/_next/webpack-hmr?id=oXgwA3dbqDnx6PUG-GhT1' failed: Error during WebSocket handshake: Invalid status line @ https://gym.homelab989.duckdns.org/_next/static/chunks/node_modules_next_dist_client_0fhqo1d._.js:13299
[  563560ms] [ERROR] WebSocket connection to 'wss://gym.homelab989.duckdns.org/_next/webpack-hmr?id=5hUonRoJZe2HvaUqWmpXd' failed: Error during WebSocket handshake: Invalid status line @ https://gym.homelab989.duckdns.org/_next/static/chunks/node_modules_next_dist_client_0fhqo1d._.js:13299
[  569076ms] [ERROR] WebSocket connection to 'wss://gym.homelab989.duckdns.org/_next/webpack-hmr?id=5hUonRoJZe2HvaUqWmpXd' failed: Error during WebSocket handshake: Invalid status line @ https://gym.homelab989.duckdns.org/_next/static/chunks/node_modules_next_dist_client_0fhqo1d._.js:13299
[  573362ms] [ERROR] WebSocket connection to 'wss://gym.homelab989.duckdns.org/_next/webpack-hmr?id=5hUonRoJZe2HvaUqWmpXd' failed: Error during WebSocket handshake: Invalid status line @ https://gym.homelab989.duckdns.org/_next/static/chunks/node_modules_next_dist_client_0fhqo1d._.js:13299
[  576332ms] [ERROR] WebSocket connection to 'wss://gym.homelab989.duckdns.org/_next/webpack-hmr?id=5hUonRoJZe2HvaUqWmpXd' failed: Error during WebSocket handshake: Invalid status line @ https://gym.homelab989.duckdns.org/_next/static/chunks/node_modules_next_dist_client_0fhqo1d._.js:13299
[  578987ms] [ERROR] WebSocket connection to 'wss://gym.homelab989.duckdns.org/_next/webpack-hmr?id=5hUonRoJZe2HvaUqWmpXd' failed: Error during WebSocket handshake: Invalid status line @ https://gym.homelab989.duckdns.org/_next/static/chunks/node_modules_next_dist_client_0fhqo1d._.js:13299
[  584595ms] [ERROR] WebSocket connection to 'wss://gym.homelab989.duckdns.org/_next/webpack-hmr?id=5hUonRoJZe2HvaUqWmpXd' failed: Error during WebSocket handshake: Invalid status line @ https://gym.homelab989.duckdns.org/_next/static/chunks/node_modules_next_dist_client_0fhqo1d._.js:13299
[  590762ms] [ERROR] WebSocket connection to 'wss://gym.homelab989.duckdns.org/_next/webpack-hmr?id=5hUonRoJZe2HvaUqWmpXd' failed: Error during WebSocket handshake: Invalid status line @ https://gym.homelab989.duckdns.org/_next/static/chunks/node_modules_next_dist_client_0fhqo1d._.js:13299
[  597712ms] [ERROR] WebSocket connection to 'wss://gym.homelab989.duckdns.org/_next/webpack-hmr?id=5hUonRoJZe2HvaUqWmpXd' failed: Error during WebSocket handshake: Invalid status line @ https://gym.homelab989.duckdns.org/_next/static/chunks/node_modules_next_dist_client_0fhqo1d._.js:13299
[  606126ms] [ERROR] WebSocket connection to 'wss://gym.homelab989.duckdns.org/_next/webpack-hmr?id=5hUonRoJZe2HvaUqWmpXd' failed: Error during WebSocket handshake: Invalid status line @ https://gym.homelab989.duckdns.org/_next/static/chunks/node_modules_next_dist_client_0fhqo1d._.js:13299
[  611165ms] [ERROR] WebSocket connection to 'wss://gym.homelab989.duckdns.org/_next/webpack-hmr?id=5hUonRoJZe2HvaUqWmpXd' failed: Error during WebSocket handshake: Invalid status line @ https://gym.homelab989.duckdns.org/_next/static/chunks/node_modules_next_dist_client_0fhqo1d._.js:13299
[  616228ms] [ERROR] WebSocket connection to 'wss://gym.homelab989.duckdns.org/_next/webpack-hmr?id=5hUonRoJZe2HvaUqWmpXd' failed: Error during WebSocket handshake: Invalid status line @ https://gym.homelab989.duckdns.org/_next/static/chunks/node_modules_next_dist_client_0fhqo1d._.js:13299
[  621274ms] [ERROR] WebSocket connection to 'wss://gym.homelab989.duckdns.org/_next/webpack-hmr?id=5hUonRoJZe2HvaUqWmpXd' failed: Error during WebSocket handshake: Invalid status line @ https://gym.homelab989.duckdns.org/_next/static/chunks/node_modules_next_dist_client_0fhqo1d._.js:13299
[  626306ms] [ERROR] WebSocket connection to 'wss://gym.homelab989.duckdns.org/_next/webpack-hmr?id=5hUonRoJZe2HvaUqWmpXd' failed: Error during WebSocket handshake: Invalid status line @ https://gym.homelab989.duckdns.org/_next/static/chunks/node_modules_next_dist_client_0fhqo1d._.js:13299
[  626537ms] [ERROR] WebSocket connection to 'wss://gym.homelab989.duckdns.org/_next/webpack-hmr?id=8ugSyAOsLUOVvo8vQrC30' failed: Error during WebSocket handshake: Invalid status line @ https://gym.homelab989.duckdns.org/_next/static/chunks/node_modules_next_dist_client_0fhqo1d._.js:13299
[  627586ms] [ERROR] WebSocket connection to 'wss://gym.homelab989.duckdns.org/_next/webpack-hmr?id=8ugSyAOsLUOVvo8vQrC30' failed: Error during WebSocket handshake: Invalid status line @ https://gym.homelab989.duckdns.org/_next/static/chunks/node_modules_next_dist_client_0fhqo1d._.js:13299
[  628634ms] [ERROR] WebSocket connection to 'wss://gym.homelab989.duckdns.org/_next/webpack-hmr?id=8ugSyAOsLUOVvo8vQrC30' failed: Error during WebSocket handshake: Invalid status line @ https://gym.homelab989.duckdns.org/_next/static/chunks/node_modules_next_dist_client_0fhqo1d._.js:13299
[  629684ms] [ERROR] WebSocket connection to 'wss://gym.homelab989.duckdns.org/_next/webpack-hmr?id=8ugSyAOsLUOVvo8vQrC30' failed: Error during WebSocket handshake: Invalid status line @ https://gym.homelab989.duckdns.org/_next/static/chunks/node_modules_next_dist_client_0fhqo1d._.js:13299
[  630741ms] [ERROR] WebSocket connection to 'wss://gym.homelab989.duckdns.org/_next/webpack-hmr?id=8ugSyAOsLUOVvo8vQrC30' failed: Error during WebSocket handshake: Invalid status line @ https://gym.homelab989.duckdns.org/_next/static/chunks/node_modules_next_dist_client_0fhqo1d._.js:13299
[  631793ms] [ERROR] WebSocket connection to 'wss://gym.homelab989.duckdns.org/_next/webpack-hmr?id=8ugSyAOsLUOVvo8vQrC30' failed: Error during WebSocket handshake: Invalid status line @ https://gym.homelab989.duckdns.org/_next/static/chunks/node_modules_next_dist_client_0fhqo1d._.js:13299
[  636877ms] [ERROR] WebSocket connection to 'wss://gym.homelab989.duckdns.org/_next/webpack-hmr?id=8ugSyAOsLUOVvo8vQrC30' failed: Error during WebSocket handshake: Invalid status line @ https://gym.homelab989.duckdns.org/_next/static/chunks/node_modules_next_dist_client_0fhqo1d._.js:13299
[  642058ms] [ERROR] WebSocket connection to 'wss://gym.homelab989.duckdns.org/_next/webpack-hmr?id=8ugSyAOsLUOVvo8vQrC30' failed: Error during WebSocket handshake: Invalid status line @ https://gym.homelab989.duckdns.org/_next/static/chunks/node_modules_next_dist_client_0fhqo1d._.js:13299
[  647219ms] [ERROR] WebSocket connection to 'wss://gym.homelab989.duckdns.org/_next/webpack-hmr?id=8ugSyAOsLUOVvo8vQrC30' failed: Error during WebSocket handshake: Invalid status line @ https://gym.homelab989.duckdns.org/_next/static/chunks/node_modules_next_dist_client_0fhqo1d._.js:13299
[  652613ms] [ERROR] WebSocket connection to 'wss://gym.homelab989.duckdns.org/_next/webpack-hmr?id=8ugSyAOsLUOVvo8vQrC30' failed: Error during WebSocket handshake: Invalid status line @ https://gym.homelab989.duckdns.org/_next/static/chunks/node_modules_next_dist_client_0fhqo1d._.js:13299
[  658901ms] [ERROR] WebSocket connection to 'wss://gym.homelab989.duckdns.org/_next/webpack-hmr?id=8ugSyAOsLUOVvo8vQrC30' failed: Error during WebSocket handshake: Invalid status line @ https://gym.homelab989.duckdns.org/_next/static/chunks/node_modules_next_dist_client_0fhqo1d._.js:13299
[  664573ms] [ERROR] WebSocket connection to 'wss://gym.homelab989.duckdns.org/_next/webpack-hmr?id=8ugSyAOsLUOVvo8vQrC30' failed: Error during WebSocket handshake: Invalid status line @ https://gym.homelab989.duckdns.org/_next/static/chunks/node_modules_next_dist_client_0fhqo1d._.js:13299
[  673354ms] [ERROR] WebSocket connection to 'wss://gym.homelab989.duckdns.org/_next/webpack-hmr?id=8ugSyAOsLUOVvo8vQrC30' failed: Error during WebSocket handshake: Invalid status line @ https://gym.homelab989.duckdns.org/_next/static/chunks/node_modules_next_dist_client_0fhqo1d._.js:13299
[  676995ms] [ERROR] WebSocket connection to 'wss://gym.homelab989.duckdns.org/_next/webpack-hmr?id=kdGUu7r5Tg2O4bIRKcJlI' failed: Error during WebSocket handshake: Invalid status line @ https://gym.homelab989.duckdns.org/_next/static/chunks/node_modules_next_dist_client_0fhqo1d._.js:13299
[  681791ms] [ERROR] WebSocket connection to 'wss://gym.homelab989.duckdns.org/_next/webpack-hmr?id=kdGUu7r5Tg2O4bIRKcJlI' failed: Error during WebSocket handshake: Invalid status line @ https://gym.homelab989.duckdns.org/_next/static/chunks/node_modules_next_dist_client_0fhqo1d._.js:13299
[  684256ms] [ERROR] WebSocket connection to 'wss://gym.homelab989.duckdns.org/_next/webpack-hmr?id=kdGUu7r5Tg2O4bIRKcJlI' failed: Error during WebSocket handshake: Invalid status line @ https://gym.homelab989.duckdns.org/_next/static/chunks/node_modules_next_dist_client_0fhqo1d._.js:13299
[  687946ms] [ERROR] WebSocket connection to 'wss://gym.homelab989.duckdns.org/_next/webpack-hmr?id=kdGUu7r5Tg2O4bIRKcJlI' failed: Error during WebSocket handshake: Invalid status line @ https://gym.homelab989.duckdns.org/_next/static/chunks/node_modules_next_dist_client_0fhqo1d._.js:13299
[  691219ms] [ERROR] WebSocket connection to 'wss://gym.homelab989.duckdns.org/_next/webpack-hmr?id=kdGUu7r5Tg2O4bIRKcJlI' failed: Error during WebSocket handshake: Invalid status line @ https://gym.homelab989.duckdns.org/_next/static/chunks/node_modules_next_dist_client_0fhqo1d._.js:13299
[  694837ms] [ERROR] WebSocket connection to 'wss://gym.homelab989.duckdns.org/_next/webpack-hmr?id=kdGUu7r5Tg2O4bIRKcJlI' failed: Error during WebSocket handshake: Invalid status line @ https://gym.homelab989.duckdns.org/_next/static/chunks/node_modules_next_dist_client_0fhqo1d._.js:13299
[  704155ms] [ERROR] WebSocket connection to 'wss://gym.homelab989.duckdns.org/_next/webpack-hmr?id=kdGUu7r5Tg2O4bIRKcJlI' failed: Error during WebSocket handshake: Invalid status line @ https://gym.homelab989.duckdns.org/_next/static/chunks/node_modules_next_dist_client_0fhqo1d._.js:13299
[  710812ms] [ERROR] WebSocket connection to 'wss://gym.homelab989.duckdns.org/_next/webpack-hmr?id=kdGUu7r5Tg2O4bIRKcJlI' failed: Error during WebSocket handshake: Invalid status line @ https://gym.homelab989.duckdns.org/_next/static/chunks/node_modules_next_dist_client_0fhqo1d._.js:13299
[  720713ms] [ERROR] WebSocket connection to 'wss://gym.homelab989.duckdns.org/_next/webpack-hmr?id=kdGUu7r5Tg2O4bIRKcJlI' failed: Error during WebSocket handshake: Invalid status line @ https://gym.homelab989.duckdns.org/_next/static/chunks/node_modules_next_dist_client_0fhqo1d._.js:13299
[  727698ms] [ERROR] WebSocket connection to 'wss://gym.homelab989.duckdns.org/_next/webpack-hmr?id=kdGUu7r5Tg2O4bIRKcJlI' failed: Error during WebSocket handshake: Invalid status line @ https://gym.homelab989.duckdns.org/_next/static/chunks/node_modules_next_dist_client_0fhqo1d._.js:13299
[  732734ms] [ERROR] WebSocket connection to 'wss://gym.homelab989.duckdns.org/_next/webpack-hmr?id=kdGUu7r5Tg2O4bIRKcJlI' failed: Error during WebSocket handshake: Invalid status line @ https://gym.homelab989.duckdns.org/_next/static/chunks/node_modules_next_dist_client_0fhqo1d._.js:13299
[  737805ms] [ERROR] WebSocket connection to 'wss://gym.homelab989.duckdns.org/_next/webpack-hmr?id=kdGUu7r5Tg2O4bIRKcJlI' failed: Error during WebSocket handshake: Invalid status line @ https://gym.homelab989.duckdns.org/_next/static/chunks/node_modules_next_dist_client_0fhqo1d._.js:13299
[  742847ms] [ERROR] WebSocket connection to 'wss://gym.homelab989.duckdns.org/_next/webpack-hmr?id=kdGUu7r5Tg2O4bIRKcJlI' failed: Error during WebSocket handshake: Invalid status line @ https://gym.homelab989.duckdns.org/_next/static/chunks/node_modules_next_dist_client_0fhqo1d._.js:13299
[  743074ms] [ERROR] WebSocket connection to 'wss://gym.homelab989.duckdns.org/_next/webpack-hmr?id=QaEbTjdGwHW31M7POYZs8' failed: Error during WebSocket handshake: Invalid status line @ https://gym.homelab989.duckdns.org/_next/static/chunks/node_modules_next_dist_client_0fhqo1d._.js:13299
[  744107ms] [ERROR] WebSocket connection to 'wss://gym.homelab989.duckdns.org/_next/webpack-hmr?id=QaEbTjdGwHW31M7POYZs8' failed: Error during WebSocket handshake: Invalid status line @ https://gym.homelab989.duckdns.org/_next/static/chunks/node_modules_next_dist_client_0fhqo1d._.js:13299
[  745175ms] [ERROR] WebSocket connection to 'wss://gym.homelab989.duckdns.org/_next/webpack-hmr?id=QaEbTjdGwHW31M7POYZs8' failed: Error during WebSocket handshake: Invalid status line @ https://gym.homelab989.duckdns.org/_next/static/chunks/node_modules_next_dist_client_0fhqo1d._.js:13299
[  746255ms] [ERROR] WebSocket connection to 'wss://gym.homelab989.duckdns.org/_next/webpack-hmr?id=QaEbTjdGwHW31M7POYZs8' failed: Error during WebSocket handshake: Invalid status line @ https://gym.homelab989.duckdns.org/_next/static/chunks/node_modules_next_dist_client_0fhqo1d._.js:13299
[  747318ms] [ERROR] WebSocket connection to 'wss://gym.homelab989.duckdns.org/_next/webpack-hmr?id=QaEbTjdGwHW31M7POYZs8' failed: Error during WebSocket handshake: Invalid status line @ https://gym.homelab989.duckdns.org/_next/static/chunks/node_modules_next_dist_client_0fhqo1d._.js:13299
[  748372ms] [ERROR] WebSocket connection to 'wss://gym.homelab989.duckdns.org/_next/webpack-hmr?id=QaEbTjdGwHW31M7POYZs8' failed: Error during WebSocket handshake: Invalid status line @ https://gym.homelab989.duckdns.org/_next/static/chunks/node_modules_next_dist_client_0fhqo1d._.js:13299
[  753454ms] [ERROR] WebSocket connection to 'wss://gym.homelab989.duckdns.org/_next/webpack-hmr?id=QaEbTjdGwHW31M7POYZs8' failed: Error during WebSocket handshake: Invalid status line @ https://gym.homelab989.duckdns.org/_next/static/chunks/node_modules_next_dist_client_0fhqo1d._.js:13299
[  758568ms] [ERROR] WebSocket connection to 'wss://gym.homelab989.duckdns.org/_next/webpack-hmr?id=QaEbTjdGwHW31M7POYZs8' failed: Error during WebSocket handshake: Invalid status line @ https://gym.homelab989.duckdns.org/_next/static/chunks/node_modules_next_dist_client_0fhqo1d._.js:13299
[  763709ms] [ERROR] WebSocket connection to 'wss://gym.homelab989.duckdns.org/_next/webpack-hmr?id=QaEbTjdGwHW31M7POYZs8' failed: Error during WebSocket handshake: Invalid status line @ https://gym.homelab989.duckdns.org/_next/static/chunks/node_modules_next_dist_client_0fhqo1d._.js:13299
[  768991ms] [ERROR] WebSocket connection to 'wss://gym.homelab989.duckdns.org/_next/webpack-hmr?id=QaEbTjdGwHW31M7POYZs8' failed: Error during WebSocket handshake: Invalid status line @ https://gym.homelab989.duckdns.org/_next/static/chunks/node_modules_next_dist_client_0fhqo1d._.js:13299
[  774393ms] [ERROR] WebSocket connection to 'wss://gym.homelab989.duckdns.org/_next/webpack-hmr?id=QaEbTjdGwHW31M7POYZs8' failed: Error during WebSocket handshake: Invalid status line @ https://gym.homelab989.duckdns.org/_next/static/chunks/node_modules_next_dist_client_0fhqo1d._.js:13299
[  780346ms] [ERROR] WebSocket connection to 'wss://gym.homelab989.duckdns.org/_next/webpack-hmr?id=QaEbTjdGwHW31M7POYZs8' failed: Error during WebSocket handshake: Invalid status line @ https://gym.homelab989.duckdns.org/_next/static/chunks/node_modules_next_dist_client_0fhqo1d._.js:13299
[  787566ms] [ERROR] WebSocket connection to 'wss://gym.homelab989.duckdns.org/_next/webpack-hmr?id=QaEbTjdGwHW31M7POYZs8' failed: Error during WebSocket handshake: Invalid status line @ https://gym.homelab989.duckdns.org/_next/static/chunks/node_modules_next_dist_client_0fhqo1d._.js:13299
[  791620ms] [ERROR] WebSocket connection to 'wss://gym.homelab989.duckdns.org/_next/webpack-hmr?id=Pq6Q51B9m4Omia2NskThm' failed: Error during WebSocket handshake: Invalid status line @ https://gym.homelab989.duckdns.org/_next/static/chunks/node_modules_next_dist_client_0fhqo1d._.js:13299
[  796473ms] [ERROR] WebSocket connection to 'wss://gym.homelab989.duckdns.org/_next/webpack-hmr?id=Pq6Q51B9m4Omia2NskThm' failed: Error during WebSocket handshake: Invalid status line @ https://gym.homelab989.duckdns.org/_next/static/chunks/node_modules_next_dist_client_0fhqo1d._.js:13299
[  799694ms] [ERROR] WebSocket connection to 'wss://gym.homelab989.duckdns.org/_next/webpack-hmr?id=Pq6Q51B9m4Omia2NskThm' failed: Error during WebSocket handshake: Invalid status line @ https://gym.homelab989.duckdns.org/_next/static/chunks/node_modules_next_dist_client_0fhqo1d._.js:13299
[  805627ms] [ERROR] WebSocket connection to 'wss://gym.homelab989.duckdns.org/_next/webpack-hmr?id=Pq6Q51B9m4Omia2NskThm' failed: Error during WebSocket handshake: Invalid status line @ https://gym.homelab989.duckdns.org/_next/static/chunks/node_modules_next_dist_client_0fhqo1d._.js:13299
[  811622ms] [ERROR] WebSocket connection to 'wss://gym.homelab989.duckdns.org/_next/webpack-hmr?id=Pq6Q51B9m4Omia2NskThm' failed: Error during WebSocket handshake: Invalid status line @ https://gym.homelab989.duckdns.org/_next/static/chunks/node_modules_next_dist_client_0fhqo1d._.js:13299
[  814970ms] [ERROR] WebSocket connection to 'wss://gym.homelab989.duckdns.org/_next/webpack-hmr?id=Pq6Q51B9m4Omia2NskThm' failed: Error during WebSocket handshake: Invalid status line @ https://gym.homelab989.duckdns.org/_next/static/chunks/node_modules_next_dist_client_0fhqo1d._.js:13299
[  823322ms] [ERROR] WebSocket connection to 'wss://gym.homelab989.duckdns.org/_next/webpack-hmr?id=Pq6Q51B9m4Omia2NskThm' failed: Error during WebSocket handshake: Invalid status line @ https://gym.homelab989.duckdns.org/_next/static/chunks/node_modules_next_dist_client_0fhqo1d._.js:13299
[  829377ms] [ERROR] WebSocket connection to 'wss://gym.homelab989.duckdns.org/_next/webpack-hmr?id=Pq6Q51B9m4Omia2NskThm' failed: Error during WebSocket handshake: Invalid status line @ https://gym.homelab989.duckdns.org/_next/static/chunks/node_modules_next_dist_client_0fhqo1d._.js:13299
[  839181ms] [ERROR] WebSocket connection to 'wss://gym.homelab989.duckdns.org/_next/webpack-hmr?id=Pq6Q51B9m4Omia2NskThm' failed: Error during WebSocket handshake: Invalid status line @ https://gym.homelab989.duckdns.org/_next/static/chunks/node_modules_next_dist_client_0fhqo1d._.js:13299
[  848414ms] [ERROR] WebSocket connection to 'wss://gym.homelab989.duckdns.org/_next/webpack-hmr?id=Pq6Q51B9m4Omia2NskThm' failed: Error during WebSocket handshake: Invalid status line @ https://gym.homelab989.duckdns.org/_next/static/chunks/node_modules_next_dist_client_0fhqo1d._.js:13299
[  853447ms] [ERROR] WebSocket connection to 'wss://gym.homelab989.duckdns.org/_next/webpack-hmr?id=Pq6Q51B9m4Omia2NskThm' failed: Error during WebSocket handshake: Invalid status line @ https://gym.homelab989.duckdns.org/_next/static/chunks/node_modules_next_dist_client_0fhqo1d._.js:13299
[  858482ms] [ERROR] WebSocket connection to 'wss://gym.homelab989.duckdns.org/_next/webpack-hmr?id=Pq6Q51B9m4Omia2NskThm' failed: Error during WebSocket handshake: Invalid status line @ https://gym.homelab989.duckdns.org/_next/static/chunks/node_modules_next_dist_client_0fhqo1d._.js:13299
[  863562ms] [ERROR] WebSocket connection to 'wss://gym.homelab989.duckdns.org/_next/webpack-hmr?id=Pq6Q51B9m4Omia2NskThm' failed: Error during WebSocket handshake: Invalid status line @ https://gym.homelab989.duckdns.org/_next/static/chunks/node_modules_next_dist_client_0fhqo1d._.js:13299
[  863830ms] [ERROR] WebSocket connection to 'wss://gym.homelab989.duckdns.org/_next/webpack-hmr?id=8qJ_tQ4c3_49qBo8SL0P-' failed: Error during WebSocket handshake: Invalid status line @ https://gym.homelab989.duckdns.org/_next/static/chunks/node_modules_next_dist_client_0fhqo1d._.js:13299
[  864877ms] [ERROR] WebSocket connection to 'wss://gym.homelab989.duckdns.org/_next/webpack-hmr?id=8qJ_tQ4c3_49qBo8SL0P-' failed: Error during WebSocket handshake: Invalid status line @ https://gym.homelab989.duckdns.org/_next/static/chunks/node_modules_next_dist_client_0fhqo1d._.js:13299
[  865935ms] [ERROR] WebSocket connection to 'wss://gym.homelab989.duckdns.org/_next/webpack-hmr?id=8qJ_tQ4c3_49qBo8SL0P-' failed: Error during WebSocket handshake: Invalid status line @ https://gym.homelab989.duckdns.org/_next/static/chunks/node_modules_next_dist_client_0fhqo1d._.js:13299
[  866990ms] [ERROR] WebSocket connection to 'wss://gym.homelab989.duckdns.org/_next/webpack-hmr?id=8qJ_tQ4c3_49qBo8SL0P-' failed: Error during WebSocket handshake: Invalid status line @ https://gym.homelab989.duckdns.org/_next/static/chunks/node_modules_next_dist_client_0fhqo1d._.js:13299
[  868048ms] [ERROR] WebSocket connection to 'wss://gym.homelab989.duckdns.org/_next/webpack-hmr?id=8qJ_tQ4c3_49qBo8SL0P-' failed: Error during WebSocket handshake: Invalid status line @ https://gym.homelab989.duckdns.org/_next/static/chunks/node_modules_next_dist_client_0fhqo1d._.js:13299
[  869108ms] [ERROR] WebSocket connection to 'wss://gym.homelab989.duckdns.org/_next/webpack-hmr?id=8qJ_tQ4c3_49qBo8SL0P-' failed: Error during WebSocket handshake: Invalid status line @ https://gym.homelab989.duckdns.org/_next/static/chunks/node_modules_next_dist_client_0fhqo1d._.js:13299
[  874195ms] [ERROR] WebSocket connection to 'wss://gym.homelab989.duckdns.org/_next/webpack-hmr?id=8qJ_tQ4c3_49qBo8SL0P-' failed: Error during WebSocket handshake: Invalid status line @ https://gym.homelab989.duckdns.org/_next/static/chunks/node_modules_next_dist_client_0fhqo1d._.js:13299
[  879307ms] [ERROR] WebSocket connection to 'wss://gym.homelab989.duckdns.org/_next/webpack-hmr?id=8qJ_tQ4c3_49qBo8SL0P-' failed: Error during WebSocket handshake: Invalid status line @ https://gym.homelab989.duckdns.org/_next/static/chunks/node_modules_next_dist_client_0fhqo1d._.js:13299
[  884453ms] [ERROR] WebSocket connection to 'wss://gym.homelab989.duckdns.org/_next/webpack-hmr?id=8qJ_tQ4c3_49qBo8SL0P-' failed: Error during WebSocket handshake: Invalid status line @ https://gym.homelab989.duckdns.org/_next/static/chunks/node_modules_next_dist_client_0fhqo1d._.js:13299
[  889621ms] [ERROR] WebSocket connection to 'wss://gym.homelab989.duckdns.org/_next/webpack-hmr?id=8qJ_tQ4c3_49qBo8SL0P-' failed: Error during WebSocket handshake: Invalid status line @ https://gym.homelab989.duckdns.org/_next/static/chunks/node_modules_next_dist_client_0fhqo1d._.js:13299
[  894935ms] [ERROR] WebSocket connection to 'wss://gym.homelab989.duckdns.org/_next/webpack-hmr?id=8qJ_tQ4c3_49qBo8SL0P-' failed: Error during WebSocket handshake: Invalid status line @ https://gym.homelab989.duckdns.org/_next/static/chunks/node_modules_next_dist_client_0fhqo1d._.js:13299
[  901196ms] [ERROR] WebSocket connection to 'wss://gym.homelab989.duckdns.org/_next/webpack-hmr?id=8qJ_tQ4c3_49qBo8SL0P-' failed: Error during WebSocket handshake: Invalid status line @ https://gym.homelab989.duckdns.org/_next/static/chunks/node_modules_next_dist_client_0fhqo1d._.js:13299
[  908039ms] [ERROR] WebSocket connection to 'wss://gym.homelab989.duckdns.org/_next/webpack-hmr?id=8qJ_tQ4c3_49qBo8SL0P-' failed: Error during WebSocket handshake: Invalid status line @ https://gym.homelab989.duckdns.org/_next/static/chunks/node_modules_next_dist_client_0fhqo1d._.js:13299
[  910701ms] [ERROR] WebSocket connection to 'wss://gym.homelab989.duckdns.org/_next/webpack-hmr?id=v3W9-7dW8pyTf6lLY4nTn' failed: Error during WebSocket handshake: Invalid status line @ https://gym.homelab989.duckdns.org/_next/static/chunks/node_modules_next_dist_client_0fhqo1d._.js:13299
[  914409ms] [ERROR] WebSocket connection to 'wss://gym.homelab989.duckdns.org/_next/webpack-hmr?id=v3W9-7dW8pyTf6lLY4nTn' failed: Error during WebSocket handshake: Invalid status line @ https://gym.homelab989.duckdns.org/_next/static/chunks/node_modules_next_dist_client_0fhqo1d._.js:13299
[  918442ms] [ERROR] WebSocket connection to 'wss://gym.homelab989.duckdns.org/_next/webpack-hmr?id=v3W9-7dW8pyTf6lLY4nTn' failed: Error during WebSocket handshake: Invalid status line @ https://gym.homelab989.duckdns.org/_next/static/chunks/node_modules_next_dist_client_0fhqo1d._.js:13299
[  921032ms] [ERROR] WebSocket connection to 'wss://gym.homelab989.duckdns.org/_next/webpack-hmr?id=v3W9-7dW8pyTf6lLY4nTn' failed: Error during WebSocket handshake: Invalid status line @ https://gym.homelab989.duckdns.org/_next/static/chunks/node_modules_next_dist_client_0fhqo1d._.js:13299
[  923247ms] [ERROR] WebSocket connection to 'wss://gym.homelab989.duckdns.org/_next/webpack-hmr?id=v3W9-7dW8pyTf6lLY4nTn' failed: Error during WebSocket handshake: Invalid status line @ https://gym.homelab989.duckdns.org/_next/static/chunks/node_modules_next_dist_client_0fhqo1d._.js:13299
[  927615ms] [ERROR] WebSocket connection to 'wss://gym.homelab989.duckdns.org/_next/webpack-hmr?id=v3W9-7dW8pyTf6lLY4nTn' failed: Error during WebSocket handshake: Invalid status line @ https://gym.homelab989.duckdns.org/_next/static/chunks/node_modules_next_dist_client_0fhqo1d._.js:13299
[  936133ms] [ERROR] WebSocket connection to 'wss://gym.homelab989.duckdns.org/_next/webpack-hmr?id=v3W9-7dW8pyTf6lLY4nTn' failed: Error during WebSocket handshake: Invalid status line @ https://gym.homelab989.duckdns.org/_next/static/chunks/node_modules_next_dist_client_0fhqo1d._.js:13299
[  943629ms] [ERROR] WebSocket connection to 'wss://gym.homelab989.duckdns.org/_next/webpack-hmr?id=v3W9-7dW8pyTf6lLY4nTn' failed: Error during WebSocket handshake: Invalid status line @ https://gym.homelab989.duckdns.org/_next/static/chunks/node_modules_next_dist_client_0fhqo1d._.js:13299
[  950309ms] [ERROR] WebSocket connection to 'wss://gym.homelab989.duckdns.org/_next/webpack-hmr?id=v3W9-7dW8pyTf6lLY4nTn' failed: Error during WebSocket handshake: Invalid status line @ https://gym.homelab989.duckdns.org/_next/static/chunks/node_modules_next_dist_client_0fhqo1d._.js:13299
[  958867ms] [ERROR] WebSocket connection to 'wss://gym.homelab989.duckdns.org/_next/webpack-hmr?id=v3W9-7dW8pyTf6lLY4nTn' failed: Error during WebSocket handshake: Invalid status line @ https://gym.homelab989.duckdns.org/_next/static/chunks/node_modules_next_dist_client_0fhqo1d._.js:13299
[  965416ms] [ERROR] WebSocket connection to 'wss://gym.homelab989.duckdns.org/_next/webpack-hmr?id=v3W9-7dW8pyTf6lLY4nTn' failed: Error during WebSocket handshake: Unexpected response code: 502 @ https://gym.homelab989.duckdns.org/_next/static/chunks/node_modules_next_dist_client_0fhqo1d._.js:13299
[  976157ms] [ERROR] WebSocket connection to 'wss://gym.homelab989.duckdns.org/_next/webpack-hmr?id=v3W9-7dW8pyTf6lLY4nTn' failed: Error during WebSocket handshake: Invalid status line @ https://gym.homelab989.duckdns.org/_next/static/chunks/node_modules_next_dist_client_0fhqo1d._.js:13299
