[    1610ms] [ERROR] WebSocket connection to 'wss://gym.homelab989.duckdns.org/_next/webpack-hmr?id=idF5osIZmmyqSVwlfeiBx' failed: Error during WebSocket handshake: Invalid status line @ https://gym.homelab989.duckdns.org/_next/static/chunks/node_modules_next_dist_client_0fhqo1d._.js:13299
[    8432ms] [ERROR] WebSocket connection to 'wss://gym.homelab989.duckdns.org/_next/webpack-hmr?id=LZw4i76ejo8RMRCksV3SL' failed: Error during WebSocket handshake: Invalid status line @ https://gym.homelab989.duckdns.org/_next/static/chunks/node_modules_next_dist_client_0fhqo1d._.js:13299
[   14016ms] [ERROR] WebSocket connection to 'wss://gym.homelab989.duckdns.org/_next/webpack-hmr?id=LZw4i76ejo8RMRCksV3SL' failed: Error during WebSocket handshake: Invalid status line @ https://gym.homelab989.duckdns.org/_next/static/chunks/node_modules_next_dist_client_0fhqo1d._.js:13299
[   19671ms] [ERROR] WebSocket connection to 'wss://gym.homelab989.duckdns.org/_next/webpack-hmr?id=LZw4i76ejo8RMRCksV3SL' failed: Error during WebSocket handshake: Invalid status line @ https://gym.homelab989.duckdns.org/_next/static/chunks/node_modules_next_dist_client_0fhqo1d._.js:13299
[   22588ms] [ERROR] WebSocket connection to 'wss://gym.homelab989.duckdns.org/_next/webpack-hmr?id=LZw4i76ejo8RMRCksV3SL' failed: Error during WebSocket handshake: Invalid status line @ https://gym.homelab989.duckdns.org/_next/static/chunks/node_modules_next_dist_client_0fhqo1d._.js:13299
[   25674ms] [ERROR] WebSocket connection to 'wss://gym.homelab989.duckdns.org/_next/webpack-hmr?id=lqcTJ1sU9oC7rQEIUlGtF' failed: Error during WebSocket handshake: Invalid status line @ https://gym.homelab989.duckdns.org/_next/static/chunks/node_modules_next_dist_client_0fhqo1d._.js:13299
[   29269ms] [ERROR] WebSocket connection to 'wss://gym.homelab989.duckdns.org/_next/webpack-hmr?id=lqcTJ1sU9oC7rQEIUlGtF' failed: Error during WebSocket handshake: Invalid status line @ https://gym.homelab989.duckdns.org/_next/static/chunks/node_modules_next_dist_client_0fhqo1d._.js:13299
[   31712ms] [ERROR] WebSocket connection to 'wss://gym.homelab989.duckdns.org/_next/webpack-hmr?id=lqcTJ1sU9oC7rQEIUlGtF' failed: Error during WebSocket handshake: Invalid status line @ https://gym.homelab989.duckdns.org/_next/static/chunks/node_modules_next_dist_client_0fhqo1d._.js:13299
[   33815ms] [ERROR] WebSocket connection to 'wss://gym.homelab989.duckdns.org/_next/webpack-hmr?id=lqcTJ1sU9oC7rQEIUlGtF' failed: Error during WebSocket handshake: Invalid status line @ https://gym.homelab989.duckdns.org/_next/static/chunks/node_modules_next_dist_client_0fhqo1d._.js:13299
[   37057ms] [ERROR] WebSocket connection to 'wss://gym.homelab989.duckdns.org/_next/webpack-hmr?id=lqcTJ1sU9oC7rQEIUlGtF' failed: Error during WebSocket handshake: Invalid status line @ https://gym.homelab989.duckdns.org/_next/static/chunks/node_modules_next_dist_client_0fhqo1d._.js:13299
[   41718ms] [ERROR] WebSocket connection to 'wss://gym.homelab989.duckdns.org/_next/webpack-hmr?id=lqcTJ1sU9oC7rQEIUlGtF' failed: Error during WebSocket handshake: Invalid status line @ https://gym.homelab989.duckdns.org/_next/static/chunks/node_modules_next_dist_client_0fhqo1d._.js:13299
[   50385ms] [ERROR] WebSocket connection to 'wss://gym.homelab989.duckdns.org/_next/webpack-hmr?id=lqcTJ1sU9oC7rQEIUlGtF' failed: Error during WebSocket handshake: Invalid status line @ https://gym.homelab989.duckdns.org/_next/static/chunks/node_modules_next_dist_client_0fhqo1d._.js:13299
[   58343ms] [ERROR] WebSocket connection to 'wss://gym.homelab989.duckdns.org/_next/webpack-hmr?id=lqcTJ1sU9oC7rQEIUlGtF' failed: Error during WebSocket handshake: Invalid status line @ https://gym.homelab989.duckdns.org/_next/static/chunks/node_modules_next_dist_client_0fhqo1d._.js:13299
[   66187ms] [ERROR] WebSocket connection to 'wss://gym.homelab989.duckdns.org/_next/webpack-hmr?id=lqcTJ1sU9oC7rQEIUlGtF' failed: Error during WebSocket handshake: Invalid status line @ https://gym.homelab989.duckdns.org/_next/static/chunks/node_modules_next_dist_client_0fhqo1d._.js:13299
[   74932ms] [ERROR] WebSocket connection to 'wss://gym.homelab989.duckdns.org/_next/webpack-hmr?id=lqcTJ1sU9oC7rQEIUlGtF' failed: Error during WebSocket handshake: Invalid status line @ https://gym.homelab989.duckdns.org/_next/static/chunks/node_modules_next_dist_client_0fhqo1d._.js:13299
[   83535ms] [ERROR] WebSocket connection to 'wss://gym.homelab989.duckdns.org/_next/webpack-hmr?id=lqcTJ1sU9oC7rQEIUlGtF' failed: Error during WebSocket handshake: Invalid status line @ https://gym.homelab989.duckdns.org/_next/static/chunks/node_modules_next_dist_client_0fhqo1d._.js:13299
[   89890ms] [ERROR] WebSocket connection to 'wss://gym.homelab989.duckdns.org/_next/webpack-hmr?id=lqcTJ1sU9oC7rQEIUlGtF' failed: Error during WebSocket handshake: Invalid status line @ https://gym.homelab989.duckdns.org/_next/static/chunks/node_modules_next_dist_client_0fhqo1d._.js:13299
[   98075ms] [ERROR] WebSocket connection to 'wss://gym.homelab989.duckdns.org/_next/webpack-hmr?id=lqcTJ1sU9oC7rQEIUlGtF' failed: Error during WebSocket handshake: Invalid status line @ https://gym.homelab989.duckdns.org/_next/static/chunks/node_modules_next_dist_client_0fhqo1d._.js:13299
[  101811ms] [ERROR] WebSocket connection to 'wss://gym.homelab989.duckdns.org/_next/webpack-hmr?id=W5GrA0b5iEiLuhBwDxVW6' failed: Error during WebSocket handshake: Invalid status line @ https://gym.homelab989.duckdns.org/_next/static/chunks/node_modules_next_dist_client_0fhqo1d._.js:13299
[  107085ms] [ERROR] WebSocket connection to 'wss://gym.homelab989.duckdns.org/_next/webpack-hmr?id=W5GrA0b5iEiLuhBwDxVW6' failed: Error during WebSocket handshake: Invalid status line @ https://gym.homelab989.duckdns.org/_next/static/chunks/node_modules_next_dist_client_0fhqo1d._.js:13299
[  112011ms] [ERROR] WebSocket connection to 'wss://gym.homelab989.duckdns.org/_next/webpack-hmr?id=W5GrA0b5iEiLuhBwDxVW6' failed: Error during WebSocket handshake: Invalid status line @ https://gym.homelab989.duckdns.org/_next/static/chunks/node_modules_next_dist_client_0fhqo1d._.js:13299
[  116840ms] [ERROR] WebSocket connection to 'wss://gym.homelab989.duckdns.org/_next/webpack-hmr?id=W5GrA0b5iEiLuhBwDxVW6' failed: Error during WebSocket handshake: Invalid status line @ https://gym.homelab989.duckdns.org/_next/static/chunks/node_modules_next_dist_client_0fhqo1d._.js:13299
[  122896ms] [ERROR] WebSocket connection to 'wss://gym.homelab989.duckdns.org/_next/webpack-hmr?id=W5GrA0b5iEiLuhBwDxVW6' failed: Error during WebSocket handshake: Invalid status line @ https://gym.homelab989.duckdns.org/_next/static/chunks/node_modules_next_dist_client_0fhqo1d._.js:13299
[  128786ms] [ERROR] WebSocket connection to 'wss://gym.homelab989.duckdns.org/_next/webpack-hmr?id=W5GrA0b5iEiLuhBwDxVW6' failed: Error during WebSocket handshake: Unexpected response code: 502 @ https://gym.homelab989.duckdns.org/_next/static/chunks/node_modules_next_dist_client_0fhqo1d._.js:13299
